<?xml version="1.0" encoding="UTF-8"?>
<testsuite xmlns:xsi="http://www.w3.org/2001/XMLSchema-instance" xsi:noNamespaceSchemaLocation="https://maven.apache.org/surefire/maven-surefire-plugin/xsd/surefire-test-report-3.0.xsd" version="3.0" name="AppTest" time="0.057" tests="3" errors="0" skipped="0" failures="0">
  <properties>
[...]
</properties>
  <testcase name="testInvalidSlot" classname="AppTest" time="0.027"/>
  <testcase name="testDoubleBookingFails" classname="AppTest" time="0.004"/>
  <testcase name="testFirstBookingSuccess" classname="AppTest" time="0.001"/>
</testsuite>